2025-08-14 15:38:19,084 - INFO - Snowflake Connector for Python Version: 3.12.2, Python Version: 3.10.11, Platform: Windows-10-10.0.26100-SP0
2025-08-14 15:38:19,084 - INFO - Connecting to GLOBAL Snowflake domain
2025-08-14 15:38:19,084 - INFO - This connection is in OCSP Fail Open Mode. TLS Certificates would be checked for validity and revocation status. Any other Certificate Revocation related exceptions or OCSP Responder failures would be disregarded in favor of connectivity.
2025-08-14 15:38:19,084 - INFO - THIS CONNECTION IS IN INSECURE MODE. IT MEANS THE CERTIFICATE WILL BE VALIDATED BUT THE CERTIFICATE REVOCATION STATUS WILL NOT BE CHECKED.
2025-08-14 15:38:19,948 - INFO - THIS CONNECTION IS IN INSECURE MODE. IT MEANS THE CERTIFICATE WILL BE VALIDATED BUT THE CERTIFICATE REVOCATION STATUS WILL NOT BE CHECKED.
2025-08-14 15:38:20,110 - INFO - Successfully connected to Snowflake
2025-08-14 15:38:29,759 - INFO - Number of results in first chunk: 28
2025-08-14 15:38:29,759 - INFO - Query executed successfully. Returned 28 rows.
2025-08-14 15:38:34,595 - INFO - Number of results in first chunk: 0
2025-08-14 15:38:34,601 - INFO - Query executed successfully. Returned 0 rows.
2025-08-14 15:38:34,601 - INFO - closed
2025-08-14 15:38:34,675 - INFO - No async queries seem to be running, deleting session
2025-08-14 15:38:44,409 - INFO - Starting automation for vendors: ['52889'], month: FY2025-APR
2025-08-14 15:38:44,409 - INFO - Snowflake Connector for Python Version: 3.12.2, Python Version: 3.10.11, Platform: Windows-10-10.0.26100-SP0
2025-08-14 15:38:44,409 - INFO - Connecting to GLOBAL Snowflake domain
2025-08-14 15:38:44,409 - INFO - This connection is in OCSP Fail Open Mode. TLS Certificates would be checked for validity and revocation status. Any other Certificate Revocation related exceptions or OCSP Responder failures would be disregarded in favor of connectivity.
2025-08-14 15:38:44,409 - INFO - THIS CONNECTION IS IN INSECURE MODE. IT MEANS THE CERTIFICATE WILL BE VALIDATED BUT THE CERTIFICATE REVOCATION STATUS WILL NOT BE CHECKED.
2025-08-14 15:38:45,009 - INFO - THIS CONNECTION IS IN INSECURE MODE. IT MEANS THE CERTIFICATE WILL BE VALIDATED BUT THE CERTIFICATE REVOCATION STATUS WILL NOT BE CHECKED.
2025-08-14 15:38:45,157 - INFO - Successfully connected to Snowflake
2025-08-14 15:38:45,157 - INFO - Executing Query 1 - Basic Metrics
2025-08-14 15:38:45,418 - INFO - Number of results in first chunk: 28
2025-08-14 15:38:45,418 - INFO - Query executed successfully. Returned 28 rows.
2025-08-14 15:38:45,418 - INFO - Executing Query 2 - ASN Data
2025-08-14 15:38:46,000 - INFO - Number of results in first chunk: 0
2025-08-14 15:38:46,001 - INFO - Query executed successfully. Returned 0 rows.
2025-08-14 15:38:46,006 - INFO - Template copied to: c:\Users\1015723\Downloads\SPP\Output\52889 - BOXER_HOME_LLC - Apr 202025.xlsm
2025-08-14 15:38:50,124 - INFO - Populated METRIC DATA with 28 rows
2025-08-14 15:38:50,152 - WARNING - No data to populate in ASN Data
2025-08-14 15:38:50,152 - WARNING - Could not run macro: (-2147352567, 'Exception occurred.', (0, 'Microsoft Excel', "Cannot run the macro ''52889 - BOXER_HOME_LLC - Apr 202025.xlsm'!RefreshAndCopy'. The macro may not be available in this workbook or all macros may be disabled.", 'xlmain11.chm', 0, -2146827284), None)
2025-08-14 15:38:52,750 - INFO - Excel file populated and saved: c:\Users\1015723\Downloads\SPP\Output\52889 - BOXER_HOME_LLC - Apr 202025.xlsm
2025-08-14 15:38:52,778 - INFO - closed
2025-08-14 15:38:52,845 - INFO - No async queries seem to be running, deleting session
2025-08-14 15:38:52,917 - INFO - Automation completed successfully. File saved: c:\Users\1015723\Downloads\SPP\Output\52889 - BOXER_HOME_LLC - Apr 202025.xlsm
